# JRE version: Java(TM) SE Runtime Environment (8.0_181-b13) (build 1.8.0_181-b13)
# Java VM: Java HotSpot(TM) 64-Bit Server VM (25.181-b13 mixed mode windows-amd64 compressed oops)
Heap:
 PSYoungGen      total 126976K, used 6340K [0x00000000eb300000, 0x00000000f5c80000, 0x0000000100000000)
  eden space 124928K, 3% used [0x00000000eb300000,0x00000000eb7392c0,0x00000000f2d00000)
  from space 2048K, 98% used [0x00000000f3900000,0x00000000f3af8080,0x00000000f3b00000)
  to   space 12288K, 0% used [0x00000000f2d00000,0x00000000f2d00000,0x00000000f3900000)
 ParOldGen       total 57856K, used 28807K [0x00000000c1800000, 0x00000000c5080000, 0x00000000eb300000)
  object space 57856K, 49% used [0x00000000c1800000,0x00000000c3421ca0,0x00000000c5080000)
 Metaspace       used 47037K, capacity 48338K, committed 48640K, reserved 1091584K
  class space    used 6036K, capacity 6381K, committed 6400K, reserved 1048576K
GC Heap History (10 events):
Event: 8.138 GC heap before
{Heap before GC invocations=8 (full 1):
 PSYoungGen      total 72704K, used 6687K [0x00000000eb300000, 0x00000000f4200000, 0x0000000100000000)
  eden space 65536K, 0% used [0x00000000eb300000,0x00000000eb300000,0x00000000ef300000)
  from space 7168K, 93% used [0x00000000ef300000,0x00000000ef987e78,0x00000000efa00000)
  to   space 7680K, 0% used [0x00000000f3a80000,0x00000000f3a80000,0x00000000f4200000)
 ParOldGen       total 44032K, used 11396K [0x00000000c1800000, 0x00000000c4300000, 0x00000000eb300000)
  object space 44032K, 25% used [0x00000000c1800000,0x00000000c2321108,0x00000000c4300000)
 Metaspace       used 20505K, capacity 21172K, committed 21248K, reserved 1067008K
  class space    used 2537K, capacity 2758K, committed 2816K, reserved 1048576K
Event: 8.297 GC heap after
Heap after GC invocations=8 (full 1):
 PSYoungGen      total 72704K, used 0K [0x00000000eb300000, 0x00000000f4200000, 0x0000000100000000)
  eden space 65536K, 0% used [0x00000000eb300000,0x00000000eb300000,0x00000000ef300000)
  from space 7168K, 0% used [0x00000000ef300000,0x00000000ef300000,0x00000000efa00000)
  to   space 7680K, 0% used [0x00000000f3a80000,0x00000000f3a80000,0x00000000f4200000)
 ParOldGen       total 39424K, used 10112K [0x00000000c1800000, 0x00000000c3e80000, 0x00000000eb300000)
  object space 39424K, 25% used [0x00000000c1800000,0x00000000c21e0270,0x00000000c3e80000)
 Metaspace       used 20505K, capacity 21172K, committed 21248K, reserved 1067008K
  class space    used 2537K, capacity 2758K, committed 2816K, reserved 1048576K
}
Event: 20.891 GC heap before
{Heap before GC invocations=9 (full 1):
 PSYoungGen      total 72704K, used 65513K [0x00000000eb300000, 0x00000000f4200000, 0x0000000100000000)
  eden space 65536K, 99% used [0x00000000eb300000,0x00000000ef2fa420,0x00000000ef300000)
  from space 7168K, 0% used [0x00000000ef300000,0x00000000ef300000,0x00000000efa00000)
  to   space 7680K, 0% used [0x00000000f3a80000,0x00000000f3a80000,0x00000000f4200000)
 ParOldGen       total 39424K, used 10112K [0x00000000c1800000, 0x00000000c3e80000, 0x00000000eb300000)
  object space 39424K, 25% used [0x00000000c1800000,0x00000000c21e0270,0x00000000c3e80000)
 Metaspace       used 26332K, capacity 27338K, committed 27776K, reserved 1073152K
  class space    used 3318K, capacity 3589K, committed 3712K, reserved 1048576K
Event: 20.922 GC heap after
Heap after GC invocations=9 (full 1):
 PSYoungGen      total 102912K, used 6765K [0x00000000eb300000, 0x00000000f4180000, 0x0000000100000000)
  eden space 95744K, 0% used [0x00000000eb300000,0x00000000eb300000,0x00000000f1080000)
  from space 7168K, 94% used [0x00000000f3a80000,0x00000000f411b530,0x00000000f4180000)
  to   space 8192K, 0% used [0x00000000f3180000,0x00000000f3180000,0x00000000f3980000)
 ParOldGen       total 39424K, used 10120K [0x00000000c1800000, 0x00000000c3e80000, 0x00000000eb300000)
  object space 39424K, 25% used [0x00000000c1800000,0x00000000c21e2270,0x00000000c3e80000)
 Metaspace       used 26332K, capacity 27338K, committed 27776K, reserved 1073152K
  class space    used 3318K, capacity 3589K, committed 3712K, reserved 1048576K
}
Event: 34.760 GC heap before
{Heap before GC invocations=10 (full 1):
 PSYoungGen      total 102912K, used 42232K [0x00000000eb300000, 0x00000000f4180000, 0x0000000100000000)
  eden space 95744K, 37% used [0x00000000eb300000,0x00000000ed5a2ba8,0x00000000f1080000)
  from space 7168K, 94% used [0x00000000f3a80000,0x00000000f411b530,0x00000000f4180000)
  to   space 8192K, 0% used [0x00000000f3180000,0x00000000f3180000,0x00000000f3980000)
 ParOldGen       total 39424K, used 10120K [0x00000000c1800000, 0x00000000c3e80000, 0x00000000eb300000)
  object space 39424K, 25% used [0x00000000c1800000,0x00000000c21e2270,0x00000000c3e80000)
 Metaspace       used 34173K, capacity 35200K, committed 35416K, reserved 1079296K
  class space    used 4381K, capacity 4644K, committed 4736K, reserved 1048576K
Event: 34.804 GC heap after
Heap after GC invocations=10 (full 1):
 PSYoungGen      total 126976K, used 7630K [0x00000000eb300000, 0x00000000f3b00000, 0x0000000100000000)
  eden space 119296K, 0% used [0x00000000eb300000,0x00000000eb300000,0x00000000f2780000)
  from space 7680K, 99% used [0x00000000f3180000,0x00000000f38f3a28,0x00000000f3900000)
  to   space 2048K, 0% used [0x00000000f3900000,0x00000000f3900000,0x00000000f3b00000)
 ParOldGen       total 39424K, used 10192K [0x00000000c1800000, 0x00000000c3e80000, 0x00000000eb300000)
  object space 39424K, 25% used [0x00000000c1800000,0x00000000c21f4280,0x00000000c3e80000)
 Metaspace       used 34173K, capacity 35200K, committed 35416K, reserved 1079296K
  class space    used 4381K, capacity 4644K, committed 4736K, reserved 1048576K
}
Event: 34.804 GC heap before
{Heap before GC invocations=11 (full 2):
 PSYoungGen      total 126976K, used 7630K [0x00000000eb300000, 0x00000000f3b00000, 0x0000000100000000)
  eden space 119296K, 0% used [0x00000000eb300000,0x00000000eb300000,0x00000000f2780000)
  from space 7680K, 99% used [0x00000000f3180000,0x00000000f38f3a28,0x00000000f3900000)
  to   space 2048K, 0% used [0x00000000f3900000,0x00000000f3900000,0x00000000f3b00000)
 ParOldGen       total 39424K, used 10192K [0x00000000c1800000, 0x00000000c3e80000, 0x00000000eb300000)
  object space 39424K, 25% used [0x00000000c1800000,0x00000000c21f4280,0x00000000c3e80000)
 Metaspace       used 34173K, capacity 35200K, committed 35416K, reserved 1079296K
  class space    used 4381K, capacity 4644K, committed 4736K, reserved 1048576K
Event: 35.033 GC heap after
Heap after GC invocations=11 (full 2):
 PSYoungGen      total 126976K, used 0K [0x00000000eb300000, 0x00000000f3b00000, 0x0000000100000000)
  eden space 119296K, 0% used [0x00000000eb300000,0x00000000eb300000,0x00000000f2780000)
  from space 7680K, 0% used [0x00000000f3180000,0x00000000f3180000,0x00000000f3900000)
  to   space 2048K, 0% used [0x00000000f3900000,0x00000000f3900000,0x00000000f3b00000)
 ParOldGen       total 57856K, used 15263K [0x00000000c1800000, 0x00000000c5080000, 0x00000000eb300000)
  object space 57856K, 26% used [0x00000000c1800000,0x00000000c26e7d30,0x00000000c5080000)
 Metaspace       used 34173K, capacity 35200K, committed 35416K, reserved 1079296K
  class space    used 4381K, capacity 4644K, committed 4736K, reserved 1048576K
}
Event: 110.997 GC heap before
{Heap before GC invocations=12 (full 2):
 PSYoungGen      total 126976K, used 119296K [0x00000000eb300000, 0x00000000f3b00000, 0x0000000100000000)
  eden space 119296K, 100% used [0x00000000eb300000,0x00000000f2780000,0x00000000f2780000)
  from space 7680K, 0% used [0x00000000f3180000,0x00000000f3180000,0x00000000f3900000)
  to   space 2048K, 0% used [0x00000000f3900000,0x00000000f3900000,0x00000000f3b00000)
 ParOldGen       total 57856K, used 15263K [0x00000000c1800000, 0x00000000c5080000, 0x00000000eb300000)
  object space 57856K, 26% used [0x00000000c1800000,0x00000000c26e7d30,0x00000000c5080000)
 Metaspace       used 46994K, capacity 48270K, committed 48640K, reserved 1091584K
  class space    used 6034K, capacity 6379K, committed 6400K, reserved 1048576K
Event: 111.062 GC heap after
Heap after GC invocations=12 (full 2):
 PSYoungGen      total 126976K, used 2016K [0x00000000eb300000, 0x00000000f5c80000, 0x0000000100000000)
  eden space 124928K, 0% used [0x00000000eb300000,0x00000000eb300000,0x00000000f2d00000)
  from space 2048K, 98% used [0x00000000f3900000,0x00000000f3af8080,0x00000000f3b00000)
  to   space 12288K, 0% used [0x00000000f2d00000,0x00000000f2d00000,0x00000000f3900000)
 ParOldGen       total 57856K, used 28807K [0x00000000c1800000, 0x00000000c5080000, 0x00000000eb300000)
  object space 57856K, 49% used [0x00000000c1800000,0x00000000c3421ca0,0x00000000c5080000)
 Metaspace       used 46994K, capacity 48270K, committed 48640K, reserved 1091584K
  class space    used 6034K, capacity 6379K, committed 6400K, reserved 1048576K
}

